// Output created by jacc on Mon Aug 24 14:19:12 EAT 2015

state 0 (entry on Goal)
    $accept : _Goal $end

    t_public shift 3
    . error

    Goal goto 1
    MainClass goto 2

state 1 (entry on Goal)
    $accept : Goal_$end

    $end accept
    . error

state 2 (entry on MainClass)
    Goal : MainClass_ClassDeclarations    (1)
    ClassDeclarations : _    (4)

    t_class shift 6
    $end reduce 4
    . error

    ClassDecl goto 4
    ClassDeclarations goto 5

state 3 (entry on t_public)
    MainClass : t_public_t_class Identifier '{' t_public t_static t_void t_main '(' t_String '[' ']' Identifier ')' '{' Statements '}' '}'    (2)

    t_class shift 7
    . error

state 4 (entry on ClassDecl)
    ClassDeclarations : ClassDecl_CdRest    (3)
    ClassDeclarations : _    (4)

    t_class shift 6
    $end reduce 4
    . error

    CdRest goto 8
    ClassDecl goto 4
    ClassDeclarations goto 9

state 5 (entry on ClassDeclarations)
    Goal : MainClass ClassDeclarations_    (1)

    $end reduce 1
    . error

state 6 (entry on t_class)
    ClassDecl : t_class_Identifier ClassDeclarator    (6)

    IDENTIFIER shift 11
    . error

    Identifier goto 10

state 7 (entry on t_class)
    MainClass : t_public t_class_Identifier '{' t_public t_static t_void t_main '(' t_String '[' ']' Identifier ')' '{' Statements '}' '}'    (2)

    IDENTIFIER shift 11
    . error

    Identifier goto 12

state 8 (entry on CdRest)
    ClassDeclarations : ClassDecl CdRest_    (3)

    $end reduce 3
    . error

state 9 (entry on ClassDeclarations)
    CdRest : ClassDeclarations_    (5)

    $end reduce 5
    . error

state 10 (entry on Identifier)
    ClassDecl : t_class Identifier_ClassDeclarator    (6)

    t_extends shift 15
    '{' shift 16
    . error

    ClassBody goto 13
    ClassDeclarator goto 14

state 11 (entry on IDENTIFIER)
    Identifier : IDENTIFIER_    (63)

    '+' reduce 63
    '*' reduce 63
    ')' reduce 63
    '(' reduce 63
    t_extends reduce 63
    '{' reduce 63
    ']' reduce 63
    '[' reduce 63
    '>' reduce 63
    '=' reduce 63
    '<' reduce 63
    ';' reduce 63
    '/' reduce 63
    '.' reduce 63
    '-' reduce 63
    ',' reduce 63
    AND reduce 63
    . error

state 12 (entry on Identifier)
    MainClass : t_public t_class Identifier_'{' t_public t_static t_void t_main '(' t_String '[' ']' Identifier ')' '{' Statements '}' '}'    (2)

    '{' shift 17
    . error

state 13 (entry on ClassBody)
    ClassDeclarator : ClassBody_    (7)

    $end reduce 7
    t_class reduce 7
    . error

state 14 (entry on ClassDeclarator)
    ClassDecl : t_class Identifier ClassDeclarator_    (6)

    $end reduce 6
    t_class reduce 6
    . error

state 15 (entry on t_extends)
    ClassDeclarator : t_extends_Identifier ClassBody    (8)

    IDENTIFIER shift 11
    . error

    Identifier goto 18

state 16 (entry on '{')
    ClassBody : '{'_VarDeclarations MethodDeclarations '}'    (9)
    VarDeclarations : _    (11)

    '}' reduce 11
    t_boolean reduce 11
    t_public reduce 11
    t_int reduce 11
    IDENTIFIER reduce 11
    . error

    VarDeclarations goto 19

state 17 (entry on '{')
    MainClass : t_public t_class Identifier '{'_t_public t_static t_void t_main '(' t_String '[' ']' Identifier ')' '{' Statements '}' '}'    (2)

    t_public shift 20
    . error

state 18 (entry on Identifier)
    ClassDeclarator : t_extends Identifier_ClassBody    (8)

    '{' shift 16
    . error

    ClassBody goto 21

state 19 (entry on VarDeclarations)
    ClassBody : '{' VarDeclarations_MethodDeclarations '}'    (9)
    MethodDeclarations : _    (13)
    VarDeclarations : VarDeclarations_VarDecl    (10)

    IDENTIFIER shift 26
    t_boolean shift 27
    t_int shift 28
    t_public shift 29
    '}' reduce 13
    . error

    MethodDecl goto 22
    MethodDeclarations goto 23
    Type goto 24
    VarDecl goto 25

state 20 (entry on t_public)
    MainClass : t_public t_class Identifier '{' t_public_t_static t_void t_main '(' t_String '[' ']' Identifier ')' '{' Statements '}' '}'    (2)

    t_static shift 30
    . error

state 21 (entry on ClassBody)
    ClassDeclarator : t_extends Identifier ClassBody_    (8)

    $end reduce 8
    t_class reduce 8
    . error

state 22 (entry on MethodDecl)
    MethodDeclarations : MethodDecl_MethodDeclarations    (12)
    MethodDeclarations : _    (13)

    t_public shift 29
    '}' reduce 13
    . error

    MethodDecl goto 22
    MethodDeclarations goto 31

state 23 (entry on MethodDeclarations)
    ClassBody : '{' VarDeclarations MethodDeclarations_'}'    (9)

    '}' shift 32
    . error

state 24 (entry on Type)
    VarDecl : Type_Identifier ';'    (14)

    IDENTIFIER shift 11
    . error

    Identifier goto 33

state 25 (entry on VarDecl)
    VarDeclarations : VarDeclarations VarDecl_    (10)

    t_if reduce 10
    t_while reduce 10
    SystemOutPrintln reduce 10
    '{' reduce 10
    t_return reduce 10
    t_boolean reduce 10
    t_public reduce 10
    '}' reduce 10
    t_int reduce 10
    IDENTIFIER reduce 10
    . error

state 26 (entry on IDENTIFIER)
    Type : IDENTIFIER_    (23)

    IDENTIFIER reduce 23
    . error

state 27 (entry on t_boolean)
    Type : t_boolean_    (22)

    IDENTIFIER reduce 22
    . error

state 28 (entry on t_int)
    Type : t_int_'[' ']'    (20)
    Type : t_int_    (21)

    '[' shift 34
    IDENTIFIER reduce 21
    . error

state 29 (entry on t_public)
    MethodDecl : t_public_Type Identifier '(' FormalList ')' '{' VarDeclarations Statements '}'    (15)

    IDENTIFIER shift 26
    t_boolean shift 27
    t_int shift 28
    . error

    Type goto 35

state 30 (entry on t_static)
    MainClass : t_public t_class Identifier '{' t_public t_static_t_void t_main '(' t_String '[' ']' Identifier ')' '{' Statements '}' '}'    (2)

    t_void shift 36
    . error

state 31 (entry on MethodDeclarations)
    MethodDeclarations : MethodDecl MethodDeclarations_    (12)

    '}' reduce 12
    . error

state 32 (entry on '}')
    ClassBody : '{' VarDeclarations MethodDeclarations '}'_    (9)

    $end reduce 9
    t_class reduce 9
    . error

state 33 (entry on Identifier)
    VarDecl : Type Identifier_';'    (14)

    ';' shift 37
    . error

state 34 (entry on '[')
    Type : t_int '['_']'    (20)

    ']' shift 38
    . error

state 35 (entry on Type)
    MethodDecl : t_public Type_Identifier '(' FormalList ')' '{' VarDeclarations Statements '}'    (15)

    IDENTIFIER shift 11
    . error

    Identifier goto 39

state 36 (entry on t_void)
    MainClass : t_public t_class Identifier '{' t_public t_static t_void_t_main '(' t_String '[' ']' Identifier ')' '{' Statements '}' '}'    (2)

    t_main shift 40
    . error

state 37 (entry on ';')
    VarDecl : Type Identifier ';'_    (14)

    t_if reduce 14
    t_while reduce 14
    SystemOutPrintln reduce 14
    '{' reduce 14
    t_return reduce 14
    t_boolean reduce 14
    t_public reduce 14
    '}' reduce 14
    t_int reduce 14
    IDENTIFIER reduce 14
    . error

state 38 (entry on ']')
    Type : t_int '[' ']'_    (20)

    IDENTIFIER reduce 20
    . error

state 39 (entry on Identifier)
    MethodDecl : t_public Type Identifier_'(' FormalList ')' '{' VarDeclarations Statements '}'    (15)

    '(' shift 41
    . error

state 40 (entry on t_main)
    MainClass : t_public t_class Identifier '{' t_public t_static t_void t_main_'(' t_String '[' ']' Identifier ')' '{' Statements '}' '}'    (2)

    '(' shift 42
    . error

state 41 (entry on '(')
    FormalList : _    (17)
    MethodDecl : t_public Type Identifier '('_FormalList ')' '{' VarDeclarations Statements '}'    (15)

    IDENTIFIER shift 26
    t_boolean shift 27
    t_int shift 28
    ')' reduce 17
    . error

    FormalList goto 43
    Type goto 44

state 42 (entry on '(')
    MainClass : t_public t_class Identifier '{' t_public t_static t_void t_main '('_t_String '[' ']' Identifier ')' '{' Statements '}' '}'    (2)

    t_String shift 45
    . error

state 43 (entry on FormalList)
    MethodDecl : t_public Type Identifier '(' FormalList_')' '{' VarDeclarations Statements '}'    (15)

    ')' shift 46
    . error

state 44 (entry on Type)
    FormalList : Type_Identifier FormalRest    (16)

    IDENTIFIER shift 11
    . error

    Identifier goto 47

state 45 (entry on t_String)
    MainClass : t_public t_class Identifier '{' t_public t_static t_void t_main '(' t_String_'[' ']' Identifier ')' '{' Statements '}' '}'    (2)

    '[' shift 48
    . error

state 46 (entry on ')')
    MethodDecl : t_public Type Identifier '(' FormalList ')'_'{' VarDeclarations Statements '}'    (15)

    '{' shift 49
    . error

state 47 (entry on Identifier)
    FormalList : Type Identifier_FormalRest    (16)
    FormalRest : _    (19)

    ',' shift 51
    ')' reduce 19
    . error

    FormalRest goto 50

state 48 (entry on '[')
    MainClass : t_public t_class Identifier '{' t_public t_static t_void t_main '(' t_String '['_']' Identifier ')' '{' Statements '}' '}'    (2)

    ']' shift 52
    . error

state 49 (entry on '{')
    MethodDecl : t_public Type Identifier '(' FormalList ')' '{'_VarDeclarations Statements '}'    (15)
    VarDeclarations : _    (11)

    t_if reduce 11
    t_while reduce 11
    SystemOutPrintln reduce 11
    '}' reduce 11
    '{' reduce 11
    t_return reduce 11
    t_boolean reduce 11
    t_int reduce 11
    IDENTIFIER reduce 11
    . error

    VarDeclarations goto 53

state 50 (entry on FormalRest)
    FormalList : Type Identifier FormalRest_    (16)

    ')' reduce 16
    . error

state 51 (entry on ',')
    FormalList : _    (17)
    FormalRest : ','_FormalList    (18)

    IDENTIFIER shift 26
    t_boolean shift 27
    t_int shift 28
    ')' reduce 17
    . error

    FormalList goto 54
    Type goto 44

state 52 (entry on ']')
    MainClass : t_public t_class Identifier '{' t_public t_static t_void t_main '(' t_String '[' ']'_Identifier ')' '{' Statements '}' '}'    (2)

    IDENTIFIER shift 11
    . error

    Identifier goto 55

state 53 (entry on VarDeclarations)
    MethodDecl : t_public Type Identifier '(' FormalList ')' '{' VarDeclarations_Statements '}'    (15)
    Statements : _    (25)
    VarDeclarations : VarDeclarations_VarDecl    (10)

    t_boolean shift 27
    t_int shift 28
    IDENTIFIER shift 59
    SystemOutPrintln shift 60
    t_if shift 61
    t_return shift 62
    t_while shift 63
    '{' shift 64
    '}' reduce 25
    . error

    Identifier goto 56
    Statement goto 57
    Statements goto 58
    Type goto 24
    VarDecl goto 25

state 54 (entry on FormalList)
    FormalRest : ',' FormalList_    (18)

    ')' reduce 18
    . error

state 55 (entry on Identifier)
    MainClass : t_public t_class Identifier '{' t_public t_static t_void t_main '(' t_String '[' ']' Identifier_')' '{' Statements '}' '}'    (2)

    ')' shift 65
    . error

state 56 (entry on Identifier)
    Statement : Identifier_'=' PrimaryExp ';'    (31)
    Statement : Identifier_'[' PrimaryExp ']' '=' PrimaryExp ';'    (32)

    '=' shift 66
    '[' shift 67
    . error

state 57 (entry on Statement)
    Statements : Statement_Statements    (24)
    Statements : _    (25)

    IDENTIFIER shift 11
    SystemOutPrintln shift 60
    t_if shift 61
    t_return shift 62
    t_while shift 63
    '{' shift 64
    '}' reduce 25
    . error

    Identifier goto 56
    Statement goto 57
    Statements goto 68

state 58 (entry on Statements)
    MethodDecl : t_public Type Identifier '(' FormalList ')' '{' VarDeclarations Statements_'}'    (15)

    '}' shift 69
    . error

state 59 (entry on IDENTIFIER)
    Identifier : IDENTIFIER_    (63)
    Type : IDENTIFIER_    (23)

    '[' reduce 63
    '=' reduce 63
    IDENTIFIER reduce 23
    . error

state 60 (entry on SystemOutPrintln)
    Statement : SystemOutPrintln_'(' Exp ')' ';'    (29)

    '(' shift 70
    . error

state 61 (entry on t_if)
    Statement : t_if_'(' BooleanExpression ')' Statement t_else Statement    (27)

    '(' shift 71
    . error

state 62 (entry on t_return)
    Statement : t_return_PrimaryExp ';'    (30)

    IDENTIFIER shift 11
    INTEGER_LITERAL shift 74
    STRING_LITERAL shift 75
    t_false shift 76
    t_new shift 77
    t_this shift 78
    t_true shift 79
    '!' shift 80
    '(' shift 81
    . error

    Identifier goto 72
    PrimaryExp goto 73

state 63 (entry on t_while)
    Statement : t_while_'(' BooleanExpression ')' Statement    (28)

    '(' shift 82
    . error

state 64 (entry on '{')
    Statement : '{'_Statements '}'    (26)
    Statements : _    (25)

    IDENTIFIER shift 11
    SystemOutPrintln shift 60
    t_if shift 61
    t_return shift 62
    t_while shift 63
    '{' shift 64
    '}' reduce 25
    . error

    Identifier goto 56
    Statement goto 57
    Statements goto 83

state 65 (entry on ')')
    MainClass : t_public t_class Identifier '{' t_public t_static t_void t_main '(' t_String '[' ']' Identifier ')'_'{' Statements '}' '}'    (2)

    '{' shift 84
    . error

state 66 (entry on '=')
    Statement : Identifier '='_PrimaryExp ';'    (31)

    IDENTIFIER shift 11
    INTEGER_LITERAL shift 74
    STRING_LITERAL shift 75
    t_false shift 76
    t_new shift 77
    t_this shift 78
    t_true shift 79
    '!' shift 80
    '(' shift 81
    . error

    Identifier goto 72
    PrimaryExp goto 85

state 67 (entry on '[')
    Statement : Identifier '['_PrimaryExp ']' '=' PrimaryExp ';'    (32)

    IDENTIFIER shift 11
    INTEGER_LITERAL shift 74
    STRING_LITERAL shift 75
    t_false shift 76
    t_new shift 77
    t_this shift 78
    t_true shift 79
    '!' shift 80
    '(' shift 81
    . error

    Identifier goto 72
    PrimaryExp goto 86

state 68 (entry on Statements)
    Statements : Statement Statements_    (24)

    '}' reduce 24
    . error

state 69 (entry on '}')
    MethodDecl : t_public Type Identifier '(' FormalList ')' '{' VarDeclarations Statements '}'_    (15)

    '}' reduce 15
    t_public reduce 15
    . error

state 70 (entry on '(')
    Statement : SystemOutPrintln '('_Exp ')' ';'    (29)

    IDENTIFIER shift 11
    INTEGER_LITERAL shift 74
    STRING_LITERAL shift 75
    t_false shift 76
    t_new shift 77
    t_this shift 78
    t_true shift 79
    '!' shift 80
    '(' shift 81
    . error

    BooleanExpression goto 87
    Exp goto 88
    Identifier goto 72
    MathExpression goto 89
    PrimaryExp goto 90

state 71 (entry on '(')
    Statement : t_if '('_BooleanExpression ')' Statement t_else Statement    (27)

    IDENTIFIER shift 11
    INTEGER_LITERAL shift 74
    STRING_LITERAL shift 75
    t_false shift 76
    t_new shift 77
    t_this shift 78
    t_true shift 79
    '!' shift 80
    '(' shift 81
    . error

    BooleanExpression goto 91
    Identifier goto 72
    PrimaryExp goto 92

state 72 (entry on Identifier)
    PrimaryExp : Identifier_    (38)

    '+' reduce 38
    '*' reduce 38
    ')' reduce 38
    ']' reduce 38
    '[' reduce 38
    '>' reduce 38
    '<' reduce 38
    ';' reduce 38
    '/' reduce 38
    '.' reduce 38
    '-' reduce 38
    ',' reduce 38
    AND reduce 38
    . error

state 73 (entry on PrimaryExp)
    PrimaryExp : PrimaryExp_'[' ']'    (44)
    PrimaryExp : PrimaryExp_'.' length    (45)
    PrimaryExp : PrimaryExp_'.' Identifier '(' ExpList ')'    (46)
    Statement : t_return PrimaryExp_';'    (30)

    '.' shift 93
    ';' shift 94
    '[' shift 95
    . error

state 74 (entry on INTEGER_LITERAL)
    PrimaryExp : INTEGER_LITERAL_    (37)

    '+' reduce 37
    '*' reduce 37
    ')' reduce 37
    ']' reduce 37
    '[' reduce 37
    '>' reduce 37
    '<' reduce 37
    ';' reduce 37
    '/' reduce 37
    '.' reduce 37
    '-' reduce 37
    ',' reduce 37
    AND reduce 37
    . error

state 75 (entry on STRING_LITERAL)
    PrimaryExp : STRING_LITERAL_    (40)

    '+' reduce 40
    '*' reduce 40
    ')' reduce 40
    ']' reduce 40
    '[' reduce 40
    '>' reduce 40
    '<' reduce 40
    ';' reduce 40
    '/' reduce 40
    '.' reduce 40
    '-' reduce 40
    ',' reduce 40
    AND reduce 40
    . error

state 76 (entry on t_false)
    PrimaryExp : t_false_    (36)

    '+' reduce 36
    '*' reduce 36
    ')' reduce 36
    ']' reduce 36
    '[' reduce 36
    '>' reduce 36
    '<' reduce 36
    ';' reduce 36
    '/' reduce 36
    '.' reduce 36
    '-' reduce 36
    ',' reduce 36
    AND reduce 36
    . error

state 77 (entry on t_new)
    PrimaryExp : t_new_NewObject    (41)

    IDENTIFIER shift 11
    t_int shift 98
    . error

    Identifier goto 96
    NewObject goto 97

state 78 (entry on t_this)
    PrimaryExp : t_this_    (39)

    '+' reduce 39
    '*' reduce 39
    ')' reduce 39
    ']' reduce 39
    '[' reduce 39
    '>' reduce 39
    '<' reduce 39
    ';' reduce 39
    '/' reduce 39
    '.' reduce 39
    '-' reduce 39
    ',' reduce 39
    AND reduce 39
    . error

state 79 (entry on t_true)
    PrimaryExp : t_true_    (35)

    '+' reduce 35
    '*' reduce 35
    ')' reduce 35
    ']' reduce 35
    '[' reduce 35
    '>' reduce 35
    '<' reduce 35
    ';' reduce 35
    '/' reduce 35
    '.' reduce 35
    '-' reduce 35
    ',' reduce 35
    AND reduce 35
    . error

state 80 (entry on '!')
    PrimaryExp : '!'_PrimaryExp    (42)

    IDENTIFIER shift 11
    INTEGER_LITERAL shift 74
    STRING_LITERAL shift 75
    t_false shift 76
    t_new shift 77
    t_this shift 78
    t_true shift 79
    '!' shift 80
    '(' shift 81
    . error

    Identifier goto 72
    PrimaryExp goto 99

state 81 (entry on '(')
    PrimaryExp : '('_Exp ')'    (43)

    IDENTIFIER shift 11
    INTEGER_LITERAL shift 74
    STRING_LITERAL shift 75
    t_false shift 76
    t_new shift 77
    t_this shift 78
    t_true shift 79
    '!' shift 80
    '(' shift 81
    . error

    BooleanExpression goto 87
    Exp goto 100
    Identifier goto 72
    MathExpression goto 89
    PrimaryExp goto 90

state 82 (entry on '(')
    Statement : t_while '('_BooleanExpression ')' Statement    (28)

    IDENTIFIER shift 11
    INTEGER_LITERAL shift 74
    STRING_LITERAL shift 75
    t_false shift 76
    t_new shift 77
    t_this shift 78
    t_true shift 79
    '!' shift 80
    '(' shift 81
    . error

    BooleanExpression goto 101
    Identifier goto 72
    PrimaryExp goto 92

state 83 (entry on Statements)
    Statement : '{' Statements_'}'    (26)

    '}' shift 102
    . error

state 84 (entry on '{')
    MainClass : t_public t_class Identifier '{' t_public t_static t_void t_main '(' t_String '[' ']' Identifier ')' '{'_Statements '}' '}'    (2)
    Statements : _    (25)

    IDENTIFIER shift 11
    SystemOutPrintln shift 60
    t_if shift 61
    t_return shift 62
    t_while shift 63
    '{' shift 64
    '}' reduce 25
    . error

    Identifier goto 56
    Statement goto 57
    Statements goto 103

state 85 (entry on PrimaryExp)
    PrimaryExp : PrimaryExp_'[' ']'    (44)
    PrimaryExp : PrimaryExp_'.' length    (45)
    PrimaryExp : PrimaryExp_'.' Identifier '(' ExpList ')'    (46)
    Statement : Identifier '=' PrimaryExp_';'    (31)

    '.' shift 93
    '[' shift 95
    ';' shift 104
    . error

state 86 (entry on PrimaryExp)
    PrimaryExp : PrimaryExp_'[' ']'    (44)
    PrimaryExp : PrimaryExp_'.' length    (45)
    PrimaryExp : PrimaryExp_'.' Identifier '(' ExpList ')'    (46)
    Statement : Identifier '[' PrimaryExp_']' '=' PrimaryExp ';'    (32)

    '.' shift 93
    '[' shift 95
    ']' shift 105
    . error

state 87 (entry on BooleanExpression)
    Exp : BooleanExpression_    (33)

    ')' reduce 33
    . error

state 88 (entry on Exp)
    Statement : SystemOutPrintln '(' Exp_')' ';'    (29)

    ')' shift 106
    . error

state 89 (entry on MathExpression)
    Exp : MathExpression_    (34)

    ')' reduce 34
    . error

state 90 (entry on PrimaryExp)
    BooleanExpression : PrimaryExp_BeRest    (47)
    BeRest : _    (51)
    MathExpression : PrimaryExp_MeRest    (52)
    PrimaryExp : PrimaryExp_'[' ']'    (44)
    PrimaryExp : PrimaryExp_'.' length    (45)
    PrimaryExp : PrimaryExp_'.' Identifier '(' ExpList ')'    (46)

    '.' shift 93
    '[' shift 95
    AND shift 109
    '*' shift 110
    '+' shift 111
    '-' shift 112
    '/' shift 113
    '<' shift 114
    '>' shift 115
    ')' reduce 51
    . error

    BeRest goto 107
    MeRest goto 108

state 91 (entry on BooleanExpression)
    Statement : t_if '(' BooleanExpression_')' Statement t_else Statement    (27)

    ')' shift 116
    . error

state 92 (entry on PrimaryExp)
    BooleanExpression : PrimaryExp_BeRest    (47)
    BeRest : _    (51)
    PrimaryExp : PrimaryExp_'[' ']'    (44)
    PrimaryExp : PrimaryExp_'.' length    (45)
    PrimaryExp : PrimaryExp_'.' Identifier '(' ExpList ')'    (46)

    '.' shift 93
    '[' shift 95
    AND shift 109
    '<' shift 114
    '>' shift 115
    ')' reduce 51
    . error

    BeRest goto 107

state 93 (entry on '.')
    PrimaryExp : PrimaryExp '.'_length    (45)
    PrimaryExp : PrimaryExp '.'_Identifier '(' ExpList ')'    (46)

    IDENTIFIER shift 11
    length shift 118
    . error

    Identifier goto 117

state 94 (entry on ';')
    Statement : t_return PrimaryExp ';'_    (30)

    t_if reduce 30
    t_while reduce 30
    t_else reduce 30
    SystemOutPrintln reduce 30
    '}' reduce 30
    '{' reduce 30
    t_return reduce 30
    IDENTIFIER reduce 30
    . error

state 95 (entry on '[')
    PrimaryExp : PrimaryExp '['_']'    (44)

    ']' shift 119
    . error

state 96 (entry on Identifier)
    NewObject : Identifier_'(' ')'    (58)

    '(' shift 120
    . error

state 97 (entry on NewObject)
    PrimaryExp : t_new NewObject_    (41)

    '+' reduce 41
    '*' reduce 41
    ')' reduce 41
    ']' reduce 41
    '[' reduce 41
    '>' reduce 41
    '<' reduce 41
    ';' reduce 41
    '/' reduce 41
    '.' reduce 41
    '-' reduce 41
    ',' reduce 41
    AND reduce 41
    . error

state 98 (entry on t_int)
    NewObject : t_int_'[' PrimaryExp ']'    (57)

    '[' shift 121
    . error

state 99 (entry on PrimaryExp)
    PrimaryExp : '!' PrimaryExp_    (42)
    PrimaryExp : PrimaryExp_'[' ']'    (44)
    PrimaryExp : PrimaryExp_'.' length    (45)
    PrimaryExp : PrimaryExp_'.' Identifier '(' ExpList ')'    (46)

    '.' shift 93
    '[' shift 95
    '+' reduce 42
    '*' reduce 42
    ')' reduce 42
    ']' reduce 42
    '>' reduce 42
    '<' reduce 42
    ';' reduce 42
    '/' reduce 42
    '-' reduce 42
    ',' reduce 42
    AND reduce 42
    . error

state 100 (entry on Exp)
    PrimaryExp : '(' Exp_')'    (43)

    ')' shift 122
    . error

state 101 (entry on BooleanExpression)
    Statement : t_while '(' BooleanExpression_')' Statement    (28)

    ')' shift 123
    . error

state 102 (entry on '}')
    Statement : '{' Statements '}'_    (26)

    t_if reduce 26
    t_while reduce 26
    t_else reduce 26
    SystemOutPrintln reduce 26
    '}' reduce 26
    '{' reduce 26
    t_return reduce 26
    IDENTIFIER reduce 26
    . error

state 103 (entry on Statements)
    MainClass : t_public t_class Identifier '{' t_public t_static t_void t_main '(' t_String '[' ']' Identifier ')' '{' Statements_'}' '}'    (2)

    '}' shift 124
    . error

state 104 (entry on ';')
    Statement : Identifier '=' PrimaryExp ';'_    (31)

    t_if reduce 31
    t_while reduce 31
    t_else reduce 31
    SystemOutPrintln reduce 31
    '}' reduce 31
    '{' reduce 31
    t_return reduce 31
    IDENTIFIER reduce 31
    . error

state 105 (entry on ']')
    Statement : Identifier '[' PrimaryExp ']'_'=' PrimaryExp ';'    (32)

    '=' shift 125
    . error

state 106 (entry on ')')
    Statement : SystemOutPrintln '(' Exp ')'_';'    (29)

    ';' shift 126
    . error

state 107 (entry on BeRest)
    BooleanExpression : PrimaryExp BeRest_    (47)

    ')' reduce 47
    . error

state 108 (entry on MeRest)
    MathExpression : PrimaryExp MeRest_    (52)

    ')' reduce 52
    . error

state 109 (entry on AND)
    BeRest : AND_PrimaryExp    (50)

    IDENTIFIER shift 11
    INTEGER_LITERAL shift 74
    STRING_LITERAL shift 75
    t_false shift 76
    t_new shift 77
    t_this shift 78
    t_true shift 79
    '!' shift 80
    '(' shift 81
    . error

    Identifier goto 72
    PrimaryExp goto 127

state 110 (entry on '*')
    MeRest : '*'_PrimaryExp    (55)

    IDENTIFIER shift 11
    INTEGER_LITERAL shift 74
    STRING_LITERAL shift 75
    t_false shift 76
    t_new shift 77
    t_this shift 78
    t_true shift 79
    '!' shift 80
    '(' shift 81
    . error

    Identifier goto 72
    PrimaryExp goto 128

state 111 (entry on '+')
    MeRest : '+'_PrimaryExp    (53)

    IDENTIFIER shift 11
    INTEGER_LITERAL shift 74
    STRING_LITERAL shift 75
    t_false shift 76
    t_new shift 77
    t_this shift 78
    t_true shift 79
    '!' shift 80
    '(' shift 81
    . error

    Identifier goto 72
    PrimaryExp goto 129

state 112 (entry on '-')
    MeRest : '-'_PrimaryExp    (54)

    IDENTIFIER shift 11
    INTEGER_LITERAL shift 74
    STRING_LITERAL shift 75
    t_false shift 76
    t_new shift 77
    t_this shift 78
    t_true shift 79
    '!' shift 80
    '(' shift 81
    . error

    Identifier goto 72
    PrimaryExp goto 130

state 113 (entry on '/')
    MeRest : '/'_PrimaryExp    (56)

    IDENTIFIER shift 11
    INTEGER_LITERAL shift 74
    STRING_LITERAL shift 75
    t_false shift 76
    t_new shift 77
    t_this shift 78
    t_true shift 79
    '!' shift 80
    '(' shift 81
    . error

    Identifier goto 72
    PrimaryExp goto 131

state 114 (entry on '<')
    BeRest : '<'_PrimaryExp    (48)

    IDENTIFIER shift 11
    INTEGER_LITERAL shift 74
    STRING_LITERAL shift 75
    t_false shift 76
    t_new shift 77
    t_this shift 78
    t_true shift 79
    '!' shift 80
    '(' shift 81
    . error

    Identifier goto 72
    PrimaryExp goto 132

state 115 (entry on '>')
    BeRest : '>'_PrimaryExp    (49)

    IDENTIFIER shift 11
    INTEGER_LITERAL shift 74
    STRING_LITERAL shift 75
    t_false shift 76
    t_new shift 77
    t_this shift 78
    t_true shift 79
    '!' shift 80
    '(' shift 81
    . error

    Identifier goto 72
    PrimaryExp goto 133

state 116 (entry on ')')
    Statement : t_if '(' BooleanExpression ')'_Statement t_else Statement    (27)

    IDENTIFIER shift 11
    SystemOutPrintln shift 60
    t_if shift 61
    t_return shift 62
    t_while shift 63
    '{' shift 64
    . error

    Identifier goto 56
    Statement goto 134

state 117 (entry on Identifier)
    PrimaryExp : PrimaryExp '.' Identifier_'(' ExpList ')'    (46)

    '(' shift 135
    . error

state 118 (entry on length)
    PrimaryExp : PrimaryExp '.' length_    (45)

    '+' reduce 45
    '*' reduce 45
    ')' reduce 45
    ']' reduce 45
    '[' reduce 45
    '>' reduce 45
    '<' reduce 45
    ';' reduce 45
    '/' reduce 45
    '.' reduce 45
    '-' reduce 45
    ',' reduce 45
    AND reduce 45
    . error

state 119 (entry on ']')
    PrimaryExp : PrimaryExp '[' ']'_    (44)

    '+' reduce 44
    '*' reduce 44
    ')' reduce 44
    ']' reduce 44
    '[' reduce 44
    '>' reduce 44
    '<' reduce 44
    ';' reduce 44
    '/' reduce 44
    '.' reduce 44
    '-' reduce 44
    ',' reduce 44
    AND reduce 44
    . error

state 120 (entry on '(')
    NewObject : Identifier '('_')'    (58)

    ')' shift 136
    . error

state 121 (entry on '[')
    NewObject : t_int '['_PrimaryExp ']'    (57)

    IDENTIFIER shift 11
    INTEGER_LITERAL shift 74
    STRING_LITERAL shift 75
    t_false shift 76
    t_new shift 77
    t_this shift 78
    t_true shift 79
    '!' shift 80
    '(' shift 81
    . error

    Identifier goto 72
    PrimaryExp goto 137

state 122 (entry on ')')
    PrimaryExp : '(' Exp ')'_    (43)

    '+' reduce 43
    '*' reduce 43
    ')' reduce 43
    ']' reduce 43
    '[' reduce 43
    '>' reduce 43
    '<' reduce 43
    ';' reduce 43
    '/' reduce 43
    '.' reduce 43
    '-' reduce 43
    ',' reduce 43
    AND reduce 43
    . error

state 123 (entry on ')')
    Statement : t_while '(' BooleanExpression ')'_Statement    (28)

    IDENTIFIER shift 11
    SystemOutPrintln shift 60
    t_if shift 61
    t_return shift 62
    t_while shift 63
    '{' shift 64
    . error

    Identifier goto 56
    Statement goto 138

state 124 (entry on '}')
    MainClass : t_public t_class Identifier '{' t_public t_static t_void t_main '(' t_String '[' ']' Identifier ')' '{' Statements '}'_'}'    (2)

    '}' shift 139
    . error

state 125 (entry on '=')
    Statement : Identifier '[' PrimaryExp ']' '='_PrimaryExp ';'    (32)

    IDENTIFIER shift 11
    INTEGER_LITERAL shift 74
    STRING_LITERAL shift 75
    t_false shift 76
    t_new shift 77
    t_this shift 78
    t_true shift 79
    '!' shift 80
    '(' shift 81
    . error

    Identifier goto 72
    PrimaryExp goto 140

state 126 (entry on ';')
    Statement : SystemOutPrintln '(' Exp ')' ';'_    (29)

    t_if reduce 29
    t_while reduce 29
    t_else reduce 29
    SystemOutPrintln reduce 29
    '}' reduce 29
    '{' reduce 29
    t_return reduce 29
    IDENTIFIER reduce 29
    . error

state 127 (entry on PrimaryExp)
    BeRest : AND PrimaryExp_    (50)
    PrimaryExp : PrimaryExp_'[' ']'    (44)
    PrimaryExp : PrimaryExp_'.' length    (45)
    PrimaryExp : PrimaryExp_'.' Identifier '(' ExpList ')'    (46)

    '.' shift 93
    '[' shift 95
    ')' reduce 50
    . error

state 128 (entry on PrimaryExp)
    MeRest : '*' PrimaryExp_    (55)
    PrimaryExp : PrimaryExp_'[' ']'    (44)
    PrimaryExp : PrimaryExp_'.' length    (45)
    PrimaryExp : PrimaryExp_'.' Identifier '(' ExpList ')'    (46)

    '.' shift 93
    '[' shift 95
    ')' reduce 55
    . error

state 129 (entry on PrimaryExp)
    MeRest : '+' PrimaryExp_    (53)
    PrimaryExp : PrimaryExp_'[' ']'    (44)
    PrimaryExp : PrimaryExp_'.' length    (45)
    PrimaryExp : PrimaryExp_'.' Identifier '(' ExpList ')'    (46)

    '.' shift 93
    '[' shift 95
    ')' reduce 53
    . error

state 130 (entry on PrimaryExp)
    MeRest : '-' PrimaryExp_    (54)
    PrimaryExp : PrimaryExp_'[' ']'    (44)
    PrimaryExp : PrimaryExp_'.' length    (45)
    PrimaryExp : PrimaryExp_'.' Identifier '(' ExpList ')'    (46)

    '.' shift 93
    '[' shift 95
    ')' reduce 54
    . error

state 131 (entry on PrimaryExp)
    MeRest : '/' PrimaryExp_    (56)
    PrimaryExp : PrimaryExp_'[' ']'    (44)
    PrimaryExp : PrimaryExp_'.' length    (45)
    PrimaryExp : PrimaryExp_'.' Identifier '(' ExpList ')'    (46)

    '.' shift 93
    '[' shift 95
    ')' reduce 56
    . error

state 132 (entry on PrimaryExp)
    BeRest : '<' PrimaryExp_    (48)
    PrimaryExp : PrimaryExp_'[' ']'    (44)
    PrimaryExp : PrimaryExp_'.' length    (45)
    PrimaryExp : PrimaryExp_'.' Identifier '(' ExpList ')'    (46)

    '.' shift 93
    '[' shift 95
    ')' reduce 48
    . error

state 133 (entry on PrimaryExp)
    BeRest : '>' PrimaryExp_    (49)
    PrimaryExp : PrimaryExp_'[' ']'    (44)
    PrimaryExp : PrimaryExp_'.' length    (45)
    PrimaryExp : PrimaryExp_'.' Identifier '(' ExpList ')'    (46)

    '.' shift 93
    '[' shift 95
    ')' reduce 49
    . error

state 134 (entry on Statement)
    Statement : t_if '(' BooleanExpression ')' Statement_t_else Statement    (27)

    t_else shift 141
    . error

state 135 (entry on '(')
    ExpList : _    (60)
    PrimaryExp : PrimaryExp '.' Identifier '('_ExpList ')'    (46)

    IDENTIFIER shift 11
    INTEGER_LITERAL shift 74
    STRING_LITERAL shift 75
    t_false shift 76
    t_new shift 77
    t_this shift 78
    t_true shift 79
    '!' shift 80
    '(' shift 81
    ')' reduce 60
    . error

    ExpList goto 142
    Identifier goto 72
    PrimaryExp goto 143

state 136 (entry on ')')
    NewObject : Identifier '(' ')'_    (58)

    '+' reduce 58
    '*' reduce 58
    ')' reduce 58
    ']' reduce 58
    '[' reduce 58
    '>' reduce 58
    '<' reduce 58
    ';' reduce 58
    '/' reduce 58
    '.' reduce 58
    '-' reduce 58
    ',' reduce 58
    AND reduce 58
    . error

state 137 (entry on PrimaryExp)
    NewObject : t_int '[' PrimaryExp_']'    (57)
    PrimaryExp : PrimaryExp_'[' ']'    (44)
    PrimaryExp : PrimaryExp_'.' length    (45)
    PrimaryExp : PrimaryExp_'.' Identifier '(' ExpList ')'    (46)

    '.' shift 93
    '[' shift 95
    ']' shift 144
    . error

state 138 (entry on Statement)
    Statement : t_while '(' BooleanExpression ')' Statement_    (28)

    t_if reduce 28
    t_while reduce 28
    t_else reduce 28
    SystemOutPrintln reduce 28
    '}' reduce 28
    '{' reduce 28
    t_return reduce 28
    IDENTIFIER reduce 28
    . error

state 139 (entry on '}')
    MainClass : t_public t_class Identifier '{' t_public t_static t_void t_main '(' t_String '[' ']' Identifier ')' '{' Statements '}' '}'_    (2)

    $end reduce 2
    t_class reduce 2
    . error

state 140 (entry on PrimaryExp)
    PrimaryExp : PrimaryExp_'[' ']'    (44)
    PrimaryExp : PrimaryExp_'.' length    (45)
    PrimaryExp : PrimaryExp_'.' Identifier '(' ExpList ')'    (46)
    Statement : Identifier '[' PrimaryExp ']' '=' PrimaryExp_';'    (32)

    '.' shift 93
    '[' shift 95
    ';' shift 145
    . error

state 141 (entry on t_else)
    Statement : t_if '(' BooleanExpression ')' Statement t_else_Statement    (27)

    IDENTIFIER shift 11
    SystemOutPrintln shift 60
    t_if shift 61
    t_return shift 62
    t_while shift 63
    '{' shift 64
    . error

    Identifier goto 56
    Statement goto 146

state 142 (entry on ExpList)
    PrimaryExp : PrimaryExp '.' Identifier '(' ExpList_')'    (46)

    ')' shift 147
    . error

state 143 (entry on PrimaryExp)
    ExpList : PrimaryExp_ExpRest    (59)
    PrimaryExp : PrimaryExp_'[' ']'    (44)
    PrimaryExp : PrimaryExp_'.' length    (45)
    PrimaryExp : PrimaryExp_'.' Identifier '(' ExpList ')'    (46)

    '.' shift 93
    '[' shift 95
    ',' shift 149
    . error

    ExpRest goto 148

state 144 (entry on ']')
    NewObject : t_int '[' PrimaryExp ']'_    (57)

    '+' reduce 57
    '*' reduce 57
    ')' reduce 57
    ']' reduce 57
    '[' reduce 57
    '>' reduce 57
    '<' reduce 57
    ';' reduce 57
    '/' reduce 57
    '.' reduce 57
    '-' reduce 57
    ',' reduce 57
    AND reduce 57
    . error

state 145 (entry on ';')
    Statement : Identifier '[' PrimaryExp ']' '=' PrimaryExp ';'_    (32)

    t_if reduce 32
    t_while reduce 32
    t_else reduce 32
    SystemOutPrintln reduce 32
    '}' reduce 32
    '{' reduce 32
    t_return reduce 32
    IDENTIFIER reduce 32
    . error

state 146 (entry on Statement)
    Statement : t_if '(' BooleanExpression ')' Statement t_else Statement_    (27)

    t_if reduce 27
    t_while reduce 27
    t_else reduce 27
    SystemOutPrintln reduce 27
    '}' reduce 27
    '{' reduce 27
    t_return reduce 27
    IDENTIFIER reduce 27
    . error

state 147 (entry on ')')
    PrimaryExp : PrimaryExp '.' Identifier '(' ExpList ')'_    (46)

    '+' reduce 46
    '*' reduce 46
    ')' reduce 46
    ']' reduce 46
    '[' reduce 46
    '>' reduce 46
    '<' reduce 46
    ';' reduce 46
    '/' reduce 46
    '.' reduce 46
    '-' reduce 46
    ',' reduce 46
    AND reduce 46
    . error

state 148 (entry on ExpRest)
    ExpList : PrimaryExp ExpRest_    (59)

    ')' reduce 59
    . error

state 149 (entry on ',')
    ExpRest : ','_PrimaryExp    (61)
    ExpRest : ','_PrimaryExp ExpRest    (62)

    IDENTIFIER shift 11
    INTEGER_LITERAL shift 74
    STRING_LITERAL shift 75
    t_false shift 76
    t_new shift 77
    t_this shift 78
    t_true shift 79
    '!' shift 80
    '(' shift 81
    . error

    Identifier goto 72
    PrimaryExp goto 150

state 150 (entry on PrimaryExp)
    ExpRest : ',' PrimaryExp_    (61)
    ExpRest : ',' PrimaryExp_ExpRest    (62)
    PrimaryExp : PrimaryExp_'[' ']'    (44)
    PrimaryExp : PrimaryExp_'.' length    (45)
    PrimaryExp : PrimaryExp_'.' Identifier '(' ExpList ')'    (46)

    '.' shift 93
    '[' shift 95
    ',' shift 149
    ')' reduce 61
    . error

    ExpRest goto 151

state 151 (entry on ExpRest)
    ExpRest : ',' PrimaryExp ExpRest_    (62)

    ')' reduce 62
    . error

44 terminals, 26 nonterminals;
63 grammar rules, 152 states;
0 shift/reduce and 0 reduce/reduce conflicts reported.
